Build started 11/10/2015 6:18:27 PM.
     1>Project "C:\Users\Sean\Homework\CSC 525\labs\labProject\Dependencies\freeglut.vcxproj" on node 2 (Build target(s)).
     1>C:\Program Files (x86)\MSBuild\12.0\bin\Microsoft.Common.CurrentVersion.targets(1430,5): warning : The referenced project 'C:/Users/Sean/ZERO_CHECK.vcxproj' does not exist.
     1>ClCompile:
         C:\Program Files (x86)\Microsoft Visual Studio 12.0\VC\bin\CL.exe /c /I"C:\Users\Sean\Downloads\freeglut-3.0.0.tar\freeglut-3.0.0\freeglut-3.0.0\src" /I"C:\Users\Sean\Downloads\freeglut-3.0.0.tar\freeglut-3.0.0\freeglut-3.0.0\include" /IC:\Users\Sean /Zi /nologo /W3 /WX- /Od /Ob0 /Oy- /D WIN32 /D _WINDOWS /D _DEBUG /D FREEGLUT_EXPORTS /D _CRT_SECURE_NO_WARNINGS /D _WIN32_WINNT=0x0500 /D WINVER=0x0500 /D HAVE_CONFIG_H /D "CMAKE_INTDIR=\"Debug\"" /D freeglut_EXPORTS /D _WINDLL /D _MBCS /Gm- /RTC1 /MDd /GS /fp:precise /Zc:wchar_t /Zc:forScope /Fo"freeglut.dir\Debug\\" /Fd"freeglut.dir\Debug\vc120.pdb" /Gd /TC /analyze- /errorReport:prompt "C:\Users\Sean\Downloads\freeglut-3.0.0.tar\freeglut-3.0.0\freeglut-3.0.0\src\fg_callbacks.c" "C:\Users\Sean\Downloads\freeglut-3.0.0.tar\freeglut-3.0.0\freeglut-3.0.0\src\fg_cursor.c" "C:\Users\Sean\Downloads\freeglut-3.0.0.tar\freeglut-3.0.0\freeglut-3.0.0\src\fg_display.c" "C:\Users\Sean\Downloads\freeglut-3.0.0.tar\freeglut-3.0.0\freeglut-3.0.0\src\fg_ext.c" "C:\Users\Sean\Downloads\freeglut-3.0.0.tar\freeglut-3.0.0\freeglut-3.0.0\src\fg_font_data.c" "C:\Users\Sean\Downloads\freeglut-3.0.0.tar\freeglut-3.0.0\freeglut-3.0.0\src\fg_gamemode.c" "C:\Users\Sean\Downloads\freeglut-3.0.0.tar\freeglut-3.0.0\freeglut-3.0.0\src\fg_geometry.c" "C:\Users\Sean\Downloads\freeglut-3.0.0.tar\freeglut-3.0.0\freeglut-3.0.0\src\fg_gl2.c" "C:\Users\Sean\Downloads\freeglut-3.0.0.tar\freeglut-3.0.0\freeglut-3.0.0\src\fg_init.c" "C:\Users\Sean\Downloads\freeglut-3.0.0.tar\freeglut-3.0.0\freeglut-3.0.0\src\fg_input_devices.c" "C:\Users\Sean\Downloads\freeglut-3.0.0.tar\freeglut-3.0.0\freeglut-3.0.0\src\fg_joystick.c" "C:\Users\Sean\Downloads\freeglut-3.0.0.tar\freeglut-3.0.0\freeglut-3.0.0\src\fg_main.c" "C:\Users\Sean\Downloads\freeglut-3.0.0.tar\freeglut-3.0.0\freeglut-3.0.0\src\fg_misc.c" "C:\Users\Sean\Downloads\freeglut-3.0.0.tar\freeglut-3.0.0\freeglut-3.0.0\src\fg_overlay.c" "C:\Users\Sean\Downloads\freeglut-3.0.0.tar\freeglut-3.0.0\freeglut-3.0.0\src\fg_spaceball.c" "C:\Users\Sean\Downloads\freeglut-3.0.0.tar\freeglut-3.0.0\freeglut-3.0.0\src\fg_state.c" "C:\Users\Sean\Downloads\freeglut-3.0.0.tar\freeglut-3.0.0\freeglut-3.0.0\src\fg_stroke_mono_roman.c" "C:\Users\Sean\Downloads\freeglut-3.0.0.tar\freeglut-3.0.0\freeglut-3.0.0\src\fg_stroke_roman.c" "C:\Users\Sean\Downloads\freeglut-3.0.0.tar\freeglut-3.0.0\freeglut-3.0.0\src\fg_structure.c" "C:\Users\Sean\Downloads\freeglut-3.0.0.tar\freeglut-3.0.0\freeglut-3.0.0\src\fg_teapot.c" "C:\Users\Sean\Downloads\freeglut-3.0.0.tar\freeglut-3.0.0\freeglut-3.0.0\src\fg_videoresize.c" "C:\Users\Sean\Downloads\freeglut-3.0.0.tar\freeglut-3.0.0\freeglut-3.0.0\src\fg_window.c" "C:\Users\Sean\Downloads\freeglut-3.0.0.tar\freeglut-3.0.0\freeglut-3.0.0\src\fg_font.c" "C:\Users\Sean\Downloads\freeglut-3.0.0.tar\freeglut-3.0.0\freeglut-3.0.0\src\fg_menu.c" "C:\Users\Sean\Downloads\freeglut-3.0.0.tar\freeglut-3.0.0\freeglut-3.0.0\src\mswin\fg_cursor_mswin.c" "C:\Users\Sean\Downloads\freeglut-3.0.0.tar\freeglut-3.0.0\freeglut-3.0.0\src\mswin\fg_display_mswin.c" "C:\Users\Sean\Downloads\freeglut-3.0.0.tar\freeglut-3.0.0\freeglut-3.0.0\src\mswin\fg_ext_mswin.c" "C:\Users\Sean\Downloads\freeglut-3.0.0.tar\freeglut-3.0.0\freeglut-3.0.0\src\mswin\fg_gamemode_mswin.c" "C:\Users\Sean\Downloads\freeglut-3.0.0.tar\freeglut-3.0.0\freeglut-3.0.0\src\mswin\fg_init_mswin.c" "C:\Users\Sean\Downloads\freeglut-3.0.0.tar\freeglut-3.0.0\freeglut-3.0.0\src\mswin\fg_input_devices_mswin.c" "C:\Users\Sean\Downloads\freeglut-3.0.0.tar\freeglut-3.0.0\freeglut-3.0.0\src\mswin\fg_joystick_mswin.c" "C:\Users\Sean\Downloads\freeglut-3.0.0.tar\freeglut-3.0.0\freeglut-3.0.0\src\mswin\fg_main_mswin.c" "C:\Users\Sean\Downloads\freeglut-3.0.0.tar\freeglut-3.0.0\freeglut-3.0.0\src\mswin\fg_menu_mswin.c" "C:\Users\Sean\Downloads\freeglut-3.0.0.tar\freeglut-3.0.0\freeglut-3.0.0\src\mswin\fg_spaceball_mswin.c" "C:\Users\Sean\Downloads\freeglut-3.0.0.tar\freeglut-3.0.0\freeglut-3.0.0\src\mswin\fg_state_mswin.c" "C:\Users\Sean\Downloads\freeglut-3.0.0.tar\freeglut-3.0.0\freeglut-3.0.0\src\mswin\fg_structure_mswin.c" "C:\Users\Sean\Downloads\freeglut-3.0.0.tar\freeglut-3.0.0\freeglut-3.0.0\src\mswin\fg_window_mswin.c"
         fg_callbacks.c
     1>c:\users\sean\downloads\freeglut-3.0.0.tar\freeglut-3.0.0\freeglut-3.0.0\src\fg_internal.h(32): fatal error C1083: Cannot open include file: 'config.h': No such file or directory
         fg_cursor.c
     1>c:\users\sean\downloads\freeglut-3.0.0.tar\freeglut-3.0.0\freeglut-3.0.0\src\fg_internal.h(32): fatal error C1083: Cannot open include file: 'config.h': No such file or directory
         fg_display.c
     1>c:\users\sean\downloads\freeglut-3.0.0.tar\freeglut-3.0.0\freeglut-3.0.0\src\fg_internal.h(32): fatal error C1083: Cannot open include file: 'config.h': No such file or directory
         fg_ext.c
     1>c:\users\sean\downloads\freeglut-3.0.0.tar\freeglut-3.0.0\freeglut-3.0.0\src\fg_internal.h(32): fatal error C1083: Cannot open include file: 'config.h': No such file or directory
         fg_font_data.c
     1>c:\users\sean\downloads\freeglut-3.0.0.tar\freeglut-3.0.0\freeglut-3.0.0\src\fg_internal.h(32): fatal error C1083: Cannot open include file: 'config.h': No such file or directory
         fg_gamemode.c
     1>c:\users\sean\downloads\freeglut-3.0.0.tar\freeglut-3.0.0\freeglut-3.0.0\src\fg_internal.h(32): fatal error C1083: Cannot open include file: 'config.h': No such file or directory
         fg_geometry.c
     1>c:\users\sean\downloads\freeglut-3.0.0.tar\freeglut-3.0.0\freeglut-3.0.0\src\fg_internal.h(32): fatal error C1083: Cannot open include file: 'config.h': No such file or directory
         fg_gl2.c
     1>c:\users\sean\downloads\freeglut-3.0.0.tar\freeglut-3.0.0\freeglut-3.0.0\src\fg_internal.h(32): fatal error C1083: Cannot open include file: 'config.h': No such file or directory
         fg_init.c
     1>c:\users\sean\downloads\freeglut-3.0.0.tar\freeglut-3.0.0\freeglut-3.0.0\src\fg_internal.h(32): fatal error C1083: Cannot open include file: 'config.h': No such file or directory
         fg_input_devices.c
     1>c:\users\sean\downloads\freeglut-3.0.0.tar\freeglut-3.0.0\freeglut-3.0.0\src\fg_internal.h(32): fatal error C1083: Cannot open include file: 'config.h': No such file or directory
         fg_joystick.c
     1>c:\users\sean\downloads\freeglut-3.0.0.tar\freeglut-3.0.0\freeglut-3.0.0\src\fg_internal.h(32): fatal error C1083: Cannot open include file: 'config.h': No such file or directory
         fg_main.c
     1>c:\users\sean\downloads\freeglut-3.0.0.tar\freeglut-3.0.0\freeglut-3.0.0\src\fg_internal.h(32): fatal error C1083: Cannot open include file: 'config.h': No such file or directory
         fg_misc.c
     1>c:\users\sean\downloads\freeglut-3.0.0.tar\freeglut-3.0.0\freeglut-3.0.0\src\fg_internal.h(32): fatal error C1083: Cannot open include file: 'config.h': No such file or directory
         fg_overlay.c
     1>c:\users\sean\downloads\freeglut-3.0.0.tar\freeglut-3.0.0\freeglut-3.0.0\src\fg_internal.h(32): fatal error C1083: Cannot open include file: 'config.h': No such file or directory
         fg_spaceball.c
     1>c:\users\sean\downloads\freeglut-3.0.0.tar\freeglut-3.0.0\freeglut-3.0.0\src\fg_internal.h(32): fatal error C1083: Cannot open include file: 'config.h': No such file or directory
         fg_state.c
     1>c:\users\sean\downloads\freeglut-3.0.0.tar\freeglut-3.0.0\freeglut-3.0.0\src\fg_internal.h(32): fatal error C1083: Cannot open include file: 'config.h': No such file or directory
         fg_stroke_mono_roman.c
     1>c:\users\sean\downloads\freeglut-3.0.0.tar\freeglut-3.0.0\freeglut-3.0.0\src\fg_internal.h(32): fatal error C1083: Cannot open include file: 'config.h': No such file or directory
         fg_stroke_roman.c
     1>c:\users\sean\downloads\freeglut-3.0.0.tar\freeglut-3.0.0\freeglut-3.0.0\src\fg_internal.h(32): fatal error C1083: Cannot open include file: 'config.h': No such file or directory
         fg_structure.c
     1>c:\users\sean\downloads\freeglut-3.0.0.tar\freeglut-3.0.0\freeglut-3.0.0\src\fg_internal.h(32): fatal error C1083: Cannot open include file: 'config.h': No such file or directory
         fg_teapot.c
     1>c:\users\sean\downloads\freeglut-3.0.0.tar\freeglut-3.0.0\freeglut-3.0.0\src\fg_internal.h(32): fatal error C1083: Cannot open include file: 'config.h': No such file or directory
         Generating Code...
         Compiling...
         fg_videoresize.c
     1>c:\users\sean\downloads\freeglut-3.0.0.tar\freeglut-3.0.0\freeglut-3.0.0\src\fg_internal.h(32): fatal error C1083: Cannot open include file: 'config.h': No such file or directory
         fg_window.c
     1>c:\users\sean\downloads\freeglut-3.0.0.tar\freeglut-3.0.0\freeglut-3.0.0\src\fg_internal.h(32): fatal error C1083: Cannot open include file: 'config.h': No such file or directory
         fg_font.c
     1>c:\users\sean\downloads\freeglut-3.0.0.tar\freeglut-3.0.0\freeglut-3.0.0\src\fg_internal.h(32): fatal error C1083: Cannot open include file: 'config.h': No such file or directory
         fg_menu.c
     1>c:\users\sean\downloads\freeglut-3.0.0.tar\freeglut-3.0.0\freeglut-3.0.0\src\fg_internal.h(32): fatal error C1083: Cannot open include file: 'config.h': No such file or directory
         fg_cursor_mswin.c
     1>c:\users\sean\downloads\freeglut-3.0.0.tar\freeglut-3.0.0\freeglut-3.0.0\src\mswin\../fg_internal.h(32): fatal error C1083: Cannot open include file: 'config.h': No such file or directory
         fg_display_mswin.c
     1>c:\users\sean\downloads\freeglut-3.0.0.tar\freeglut-3.0.0\freeglut-3.0.0\src\mswin\../fg_internal.h(32): fatal error C1083: Cannot open include file: 'config.h': No such file or directory
         fg_ext_mswin.c
     1>c:\users\sean\downloads\freeglut-3.0.0.tar\freeglut-3.0.0\freeglut-3.0.0\src\mswin\../fg_internal.h(32): fatal error C1083: Cannot open include file: 'config.h': No such file or directory
         fg_gamemode_mswin.c
     1>c:\users\sean\downloads\freeglut-3.0.0.tar\freeglut-3.0.0\freeglut-3.0.0\src\mswin\../fg_internal.h(32): fatal error C1083: Cannot open include file: 'config.h': No such file or directory
         fg_init_mswin.c
     1>c:\users\sean\downloads\freeglut-3.0.0.tar\freeglut-3.0.0\freeglut-3.0.0\src\mswin\../fg_internal.h(32): fatal error C1083: Cannot open include file: 'config.h': No such file or directory
         fg_input_devices_mswin.c
     1>c:\users\sean\downloads\freeglut-3.0.0.tar\freeglut-3.0.0\freeglut-3.0.0\src\mswin\../fg_internal.h(32): fatal error C1083: Cannot open include file: 'config.h': No such file or directory
         fg_joystick_mswin.c
     1>c:\users\sean\downloads\freeglut-3.0.0.tar\freeglut-3.0.0\freeglut-3.0.0\src\mswin\../fg_internal.h(32): fatal error C1083: Cannot open include file: 'config.h': No such file or directory
         fg_main_mswin.c
     1>c:\users\sean\downloads\freeglut-3.0.0.tar\freeglut-3.0.0\freeglut-3.0.0\src\mswin\../fg_internal.h(32): fatal error C1083: Cannot open include file: 'config.h': No such file or directory
         fg_menu_mswin.c
     1>c:\users\sean\downloads\freeglut-3.0.0.tar\freeglut-3.0.0\freeglut-3.0.0\src\mswin\../fg_internal.h(32): fatal error C1083: Cannot open include file: 'config.h': No such file or directory
         fg_spaceball_mswin.c
     1>c:\users\sean\downloads\freeglut-3.0.0.tar\freeglut-3.0.0\freeglut-3.0.0\src\mswin\../fg_internal.h(32): fatal error C1083: Cannot open include file: 'config.h': No such file or directory
         fg_state_mswin.c
     1>c:\users\sean\downloads\freeglut-3.0.0.tar\freeglut-3.0.0\freeglut-3.0.0\src\mswin\../fg_internal.h(32): fatal error C1083: Cannot open include file: 'config.h': No such file or directory
         fg_structure_mswin.c
     1>c:\users\sean\downloads\freeglut-3.0.0.tar\freeglut-3.0.0\freeglut-3.0.0\src\mswin\../fg_internal.h(32): fatal error C1083: Cannot open include file: 'config.h': No such file or directory
         fg_window_mswin.c
     1>c:\users\sean\downloads\freeglut-3.0.0.tar\freeglut-3.0.0\freeglut-3.0.0\src\mswin\../fg_internal.h(32): fatal error C1083: Cannot open include file: 'config.h': No such file or directory
         Generating Code...
     1>Done Building Project "C:\Users\Sean\Homework\CSC 525\labs\labProject\Dependencies\freeglut.vcxproj" (Build target(s)) -- FAILED.

Build FAILED.

Time Elapsed 00:00:11.32
