E:\DOCUMENTS\C++ HOMEWORK\HOMEWORKPROJECT\HOMEWORKPROJECT\DEBUG\HOMEWORK3.OBJ
E:\DOCUMENTS\C++ HOMEWORK\HOMEWORKPROJECT\HOMEWORKPROJECT\DEBUG\VC110.PDB
E:\DOCUMENTS\C++ HOMEWORK\HOMEWORKPROJECT\DEBUG\HOMEWORKPROJECT.ILK
E:\DOCUMENTS\C++ HOMEWORK\HOMEWORKPROJECT\DEBUG\HOMEWORKPROJECT.EXE
E:\DOCUMENTS\C++ HOMEWORK\HOMEWORKPROJECT\DEBUG\HOMEWORKPROJECT.PDB
E:\Documents\C++ Homework\HomeWorkProject\HomeWorkProject\Debug\Homework3.obj
E:\Documents\C++ Homework\HomeWorkProject\HomeWorkProject\Debug\CL.read.1.tlog
E:\Documents\C++ Homework\HomeWorkProject\HomeWorkProject\Debug\CL.write.1.tlog
E:\Documents\C++ Homework\HomeWorkProject\HomeWorkProject\Debug\cl.command.1.tlog
E:\Documents\C++ Homework\HomeWorkProject\HomeWorkProject\Debug\link-rc.read.1.tlog
E:\Documents\C++ Homework\HomeWorkProject\HomeWorkProject\Debug\link-rc.write.1.tlog
E:\Documents\C++ Homework\HomeWorkProject\HomeWorkProject\Debug\link-cvtres.read.1.tlog
E:\Documents\C++ Homework\HomeWorkProject\HomeWorkProject\Debug\link-cvtres.write.1.tlog
E:\Documents\C++ Homework\HomeWorkProject\HomeWorkProject\Debug\link.read.1.tlog
E:\Documents\C++ Homework\HomeWorkProject\HomeWorkProject\Debug\link.write.1.tlog
E:\Documents\C++ Homework\HomeWorkProject\HomeWorkProject\Debug\link.command.1.tlog
E:\Documents\C++ Homework\HomeWorkProject\HomeWorkProject\Debug\vc110.idb
E:\Documents\C++ Homework\HomeWorkProject\HomeWorkProject\Debug\vc110.pdb
E:\Documents\C++ Homework\HomeWorkProject\Debug\HomeWorkProject.pdb
E:\Documents\C++ Homework\HomeWorkProject\Debug\HomeWorkProject.exe
E:\Documents\C++ Homework\HomeWorkProject\Debug\HomeWorkProject.ilk
